{"/home/computer2/Work/starter-kit/secondTry/src/main.tsx": {"path":"/home/computer2/Work/starter-kit/secondTry/src/main.tsx","statementMap":{"0":{"start":{"line":9,"column":0},"end":{"line":13,"column":2}}},"fnMap":{},"branchMap":{},"s":{"0":0},"f":{},"b":{}}
,"/home/computer2/Work/starter-kit/secondTry/src/vite-env.d.ts": {"path":"/home/computer2/Work/starter-kit/secondTry/src/vite-env.d.ts","statementMap":{},"fnMap":{},"branchMap":{},"s":{},"f":{},"b":{}}
,"/home/computer2/Work/starter-kit/secondTry/src/components/App.tsx": {"path":"/home/computer2/Work/starter-kit/secondTry/src/components/App.tsx","statementMap":{"0":{"start":{"line":5,"column":12},"end":{"line":28,"column":1}},"1":{"start":{"line":6,"column":28},"end":{"line":6,"column":39}},"2":{"start":{"line":8,"column":2},"end":{"line":27,"column":4}},"3":{"start":{"line":20,"column":31},"end":{"line":20,"column":61}},"4":{"start":{"line":20,"column":51},"end":{"line":20,"column":60}}},"fnMap":{"0":{"name":"(anonymous_0)","decl":{"start":{"line":5,"column":12},"end":{"line":5,"column":13}},"loc":{"start":{"line":5,"column":18},"end":{"line":28,"column":1}},"line":5},"1":{"name":"(anonymous_1)","decl":{"start":{"line":20,"column":25},"end":{"line":20,"column":26}},"loc":{"start":{"line":20,"column":31},"end":{"line":20,"column":61}},"line":20},"2":{"name":"(anonymous_2)","decl":{"start":{"line":20,"column":40},"end":{"line":20,"column":41}},"loc":{"start":{"line":20,"column":51},"end":{"line":20,"column":60}},"line":20}},"branchMap":{},"s":{"0":0,"1":0,"2":0,"3":0,"4":0},"f":{"0":0,"1":0,"2":0},"b":{}}
}
